schoolPass/build/outputs/logs/manifest-merger-debug-report.txt
-- Merging decision tree log ---
manifest
ADDED from src\main\AndroidManifest.xml:2:1-1306:12
INJECTED from src\main\AndroidManifest.xml:2:1-1306:12
INJECTED from src\main\AndroidManifest.xml:2:1-1306:12
INJECTED from src\main\AndroidManifest.xml:2:1-1306:12
MERGED from [com.android.support:multidex:1.0.2] AndroidManifest.xml:17:1-22:12
MERGED from [:RongIMKit] AndroidManifest.xml:2:1-100:12
MERGED from [com.github.hotchemi:permissionsdispatcher:2.1.3] AndroidManifest.xml:2:1-11:12
MERGED from [com.lovedise:permissiongen:0.0.6] AndroidManifest.xml:2:1-17:12
MERGED from [com.zhy:mpermission-api:1.0.0] AndroidManifest.xml:2:1-16:12
MERGED from [com.android.support:appcompat-v7:23.1.1] AndroidManifest.xml:17:1-24:12
MERGED from [com.android.support:support-v4:26.1.0] AndroidManifest.xml:17:1-31:12
MERGED from [com.android.support:support-media-compat:26.1.0] AndroidManifest.xml:17:1-31:12
MERGED from [com.android.support:support-fragment:26.1.0] AndroidManifest.xml:17:1-31:12
MERGED from [com.android.support:support-core-utils:26.1.0] AndroidManifest.xml:17:1-31:12
MERGED from [com.android.support:support-core-ui:26.1.0] AndroidManifest.xml:17:1-31:12
MERGED from [com.android.support:support-compat:26.1.0] AndroidManifest.xml:17:1-31:12
MERGED from [android.arch.lifecycle:runtime:1.0.0] AndroidManifest.xml:17:1-30:12
INJECTED from src\main\AndroidManifest.xml:2:1-1306:12
INJECTED from src\main\AndroidManifest.xml:2:1-1306:12
INJECTED from src\main\AndroidManifest.xml:2:1-1306:12
	package
		ADDED from src\main\AndroidManifest.xml:4:5-38
		INJECTED from src\main\AndroidManifest.xml
		INJECTED from src\main\AndroidManifest.xml
	android:versionName
		ADDED from src\main\AndroidManifest.xml:6:5-32
		INJECTED from src\main\AndroidManifest.xml
		INJECTED from src\main\AndroidManifest.xml
	xmlns:tools
		ADDED from src\main\AndroidManifest.xml:3:5-51
	xmlns:android
		ADDED from src\main\AndroidManifest.xml:2:11-69
	android:versionCode
		ADDED from src\main\AndroidManifest.xml:5:5-35
		INJECTED from src\main\AndroidManifest.xml
		INJECTED from src\main\AndroidManifest.xml
application
ADDED from src\main\AndroidManifest.xml:12:5-1219:19
MERGED from [:RongIMKit] AndroidManifest.xml:36:5-98:19
MERGED from [:RongIMKit] AndroidManifest.xml:36:5-98:19
MERGED from [com.lovedise:permissiongen:0.0.6] AndroidManifest.xml:11:5-15:19
MERGED from [com.lovedise:permissiongen:0.0.6] AndroidManifest.xml:11:5-15:19
MERGED from [com.zhy:mpermission-api:1.0.0] AndroidManifest.xml:11:5-14:19
MERGED from [com.zhy:mpermission-api:1.0.0] AndroidManifest.xml:11:5-14:19
MERGED from [com.android.support:appcompat-v7:23.1.1] AndroidManifest.xml:22:5-20
MERGED from [com.android.support:appcompat-v7:23.1.1] AndroidManifest.xml:22:5-20
MERGED from [com.android.support:support-v4:26.1.0] AndroidManifest.xml:25:5-29:19
MERGED from [com.android.support:support-v4:26.1.0] AndroidManifest.xml:25:5-29:19
MERGED from [com.android.support:support-media-compat:26.1.0] AndroidManifest.xml:25:5-29:19
MERGED from [com.android.support:support-media-compat:26.1.0] AndroidManifest.xml:25:5-29:19
MERGED from [com.android.support:support-fragment:26.1.0] AndroidManifest.xml:25:5-29:19
MERGED from [com.android.support:support-fragment:26.1.0] AndroidManifest.xml:25:5-29:19
MERGED from [com.android.support:support-core-utils:26.1.0] AndroidManifest.xml:25:5-29:19
MERGED from [com.android.support:support-core-utils:26.1.0] AndroidManifest.xml:25:5-29:19
MERGED from [com.android.support:support-core-ui:26.1.0] AndroidManifest.xml:25:5-29:19
MERGED from [com.android.support:support-core-ui:26.1.0] AndroidManifest.xml:25:5-29:19
MERGED from [com.android.support:support-compat:26.1.0] AndroidManifest.xml:25:5-29:19
MERGED from [com.android.support:support-compat:26.1.0] AndroidManifest.xml:25:5-29:19
MERGED from [android.arch.lifecycle:runtime:1.0.0] AndroidManifest.xml:24:5-28:19
MERGED from [android.arch.lifecycle:runtime:1.0.0] AndroidManifest.xml:24:5-28:19
	android:supportsRtl
		ADDED from [com.lovedise:permissiongen:0.0.6] AndroidManifest.xml:14:9-35
	android:label
		ADDED from src\main\AndroidManifest.xml:16:9-41
	android:largeHeap
		ADDED from src\main\AndroidManifest.xml:17:9-33
	android:icon
		ADDED from src\main\AndroidManifest.xml:15:9-45
	android:allowBackup
		ADDED from src\main\AndroidManifest.xml:14:9-36
		REJECTED from [:RongIMKit] AndroidManifest.xml:36:18-44
		REJECTED from [com.lovedise:permissiongen:0.0.6] AndroidManifest.xml:12:9-35
		REJECTED from [com.zhy:mpermission-api:1.0.0] AndroidManifest.xml:12:9-35
	tools:replace
		ADDED from src\main\AndroidManifest.xml:19:9-57
	android:taskAffinity
		ADDED from src\main\AndroidManifest.xml:18:9-60
	android:name
		ADDED from src\main\AndroidManifest.xml:13:9-55
activity#com.yuanding.schoolpass.A_1_Start_Acy
ADDED from src\main\AndroidManifest.xml:21:9-31:20
	android:screenOrientation
		ADDED from src\main\AndroidManifest.xml:24:13-49
	android:label
		ADDED from src\main\AndroidManifest.xml:23:13-45
	android:theme
		ADDED from src\main\AndroidManifest.xml:25:13-50
	android:name
		ADDED from src\main\AndroidManifest.xml:22:13-65
intent-filter#action:name:android.intent.action.MAIN+category:name:android.intent.category.LAUNCHER
ADDED from src\main\AndroidManifest.xml:26:13-29:29
action#android.intent.action.MAIN
ADDED from src\main\AndroidManifest.xml:27:17-69
	android:name
		ADDED from src\main\AndroidManifest.xml:27:25-66
category#android.intent.category.LAUNCHER
ADDED from src\main\AndroidManifest.xml:28:17-77
	android:name
		ADDED from src\main\AndroidManifest.xml:28:27-74
service#com.yuanding.schoolpass.service.BackService
ADDED from src\main\AndroidManifest.xml:33:9-41:19
	android:enabled
		ADDED from src\main\AndroidManifest.xml:35:13-35
	android:exported
		ADDED from src\main\AndroidManifest.xml:36:13-37
	android:persistent
		ADDED from src\main\AndroidManifest.xml:37:13-38
	android:name
		ADDED from src\main\AndroidManifest.xml:34:13-48
intent-filter#action:name:hehhe
ADDED from src\main\AndroidManifest.xml:38:13-40:29
	android:priority
		ADDED from src\main\AndroidManifest.xml:38:28-51
action#hehhe
ADDED from src\main\AndroidManifest.xml:39:17-48
	android:name
		ADDED from src\main\AndroidManifest.xml:39:25-45
activity#com.yuanding.schoolpass.A_2_Intro_Acy
ADDED from src\main\AndroidManifest.xml:44:9-48:62
	android:screenOrientation
		ADDED from src\main\AndroidManifest.xml:47:13-49
	android:configChanges
		ADDED from src\main\AndroidManifest.xml:46:13-63
	android:theme
		ADDED from src\main\AndroidManifest.xml:48:13-50
	android:name
		ADDED from src\main\AndroidManifest.xml:45:13-42
activity#com.yuanding.schoolpass.A_Main_Acy
ADDED from src\main\AndroidManifest.xml:51:9-57:76
	android:screenOrientation
		ADDED from src\main\AndroidManifest.xml:55:13-49
	android:launchMode
		ADDED from src\main\AndroidManifest.xml:54:13-44
	android:windowSoftInputMode
		ADDED from src\main\AndroidManifest.xml:57:13-64
	android:configChanges
		ADDED from src\main\AndroidManifest.xml:53:13-63
	android:theme
		ADDED from src\main\AndroidManifest.xml:56:13-50
	android:name
		ADDED from src\main\AndroidManifest.xml:52:13-39
activity#com.yuanding.schoolpass.A_Main_My_Message_Acy
ADDED from src\main\AndroidManifest.xml:61:9-74:20
	android:screenOrientation
		ADDED from src\main\AndroidManifest.xml:65:13-49
	android:launchMode
		ADDED from src\main\AndroidManifest.xml:64:13-44
	android:configChanges
		ADDED from src\main\AndroidManifest.xml:63:13-63
	android:theme
		ADDED from src\main\AndroidManifest.xml:66:13-50
	android:name
		ADDED from src\main\AndroidManifest.xml:62:13-50
intent-filter#action:name:hehhe+data:host:com.yuanding.schoolpass+data:pathPrefix:/conversationlist+data:scheme:rong
ADDED from src\main\AndroidManifest.xml:67:13-73:29
data
ADDED from src\main\AndroidManifest.xml:68:17-71:45
	android:path
		ADDED from src\main\AndroidManifest.xml:901:21-56
	android:host
		ADDED from src\main\AndroidManifest.xml:69:21-59
	android:scheme
		ADDED from src\main\AndroidManifest.xml:71:21-42
	android:pathPrefix
		ADDED from src\main\AndroidManifest.xml:70:21-59
activity#com.yuanding.schoolpass.A_Main_My_Side_Acy
ADDED from src\main\AndroidManifest.xml:76:9-81:62
	android:screenOrientation
		ADDED from src\main\AndroidManifest.xml:80:13-49
	android:launchMode
		ADDED from src\main\AndroidManifest.xml:79:13-44
	android:configChanges
		ADDED from src\main\AndroidManifest.xml:78:13-63
	android:theme
		ADDED from src\main\AndroidManifest.xml:81:13-50
	android:name
		ADDED from src\main\AndroidManifest.xml:77:13-47
activity#com.yuanding.schoolpass.A_Main_My_Account_Acy
ADDED from src\main\AndroidManifest.xml:84:9-89:62
	android:screenOrientation
		ADDED from src\main\AndroidManifest.xml:88:13-49
	android:launchMode
		ADDED from src\main\AndroidManifest.xml:87:13-44
	android:configChanges
		ADDED from src\main\AndroidManifest.xml:86:13-63
	android:theme
		ADDED from src\main\AndroidManifest.xml:89:13-50
	android:name
		ADDED from src\main\AndroidManifest.xml:85:13-50
activity#com.yuanding.schoolpass.A_3_0_Login_Acy
ADDED from src\main\AndroidManifest.xml:92:9-97:67
	android:screenOrientation
		ADDED from src\main\AndroidManifest.xml:95:13-49
	android:windowSoftInputMode
		ADDED from src\main\AndroidManifest.xml:97:13-55
	android:configChanges
		ADDED from src\main\AndroidManifest.xml:94:13-63
	android:theme
		ADDED from src\main\AndroidManifest.xml:96:13-50
	android:name
		ADDED from src\main\AndroidManifest.xml:93:13-44
activity#com.yuanding.schoolpass.A_3_1_1_Forget_Main_Acy
ADDED from src\main\AndroidManifest.xml:100:9-105:64
	android:screenOrientation
		ADDED from src\main\AndroidManifest.xml:103:13-49
	android:windowSoftInputMode
		ADDED from src\main\AndroidManifest.xml:105:13-52
	android:configChanges
		ADDED from src\main\AndroidManifest.xml:102:13-63
	android:theme
		ADDED from src\main\AndroidManifest.xml:104:13-50
	android:name
		ADDED from src\main\AndroidManifest.xml:101:13-52
activity#com.yuanding.schoolpass.A_3_1_2_Forget_Friend_Acy
ADDED from src\main\AndroidManifest.xml:108:9-113:67
	android:screenOrientation
		ADDED from src\main\AndroidManifest.xml:111:13-49
	android:windowSoftInputMode
		ADDED from src\main\AndroidManifest.xml:113:13-55
	android:configChanges
		ADDED from src\main\AndroidManifest.xml:110:13-63
	android:theme
		ADDED from src\main\AndroidManifest.xml:112:13-50
	android:name
		ADDED from src\main\AndroidManifest.xml:109:13-77
activity#com.yuanding.schoolpass.A_3_1_3_Forget_SetPassWord_Acy
ADDED from src\main\AndroidManifest.xml:116:9-121:64
	android:screenOrientation
		ADDED from src\main\AndroidManifest.xml:119:13-49
	android:windowSoftInputMode
		ADDED from src\main\AndroidManifest.xml:121:13-52
	android:configChanges
		ADDED from src\main\AndroidManifest.xml:118:13-63
	android:theme
		ADDED from src\main\AndroidManifest.xml:120:13-50
	android:name
		ADDED from src\main\AndroidManifest.xml:117:13-59
activity#com.yuanding.schoolpass.A_3_2_Register_Main_0_Acy
ADDED from src\main\AndroidManifest.xml:124:9-129:67
	android:screenOrientation
		ADDED from src\main\AndroidManifest.xml:127:13-49
	android:windowSoftInputMode
		ADDED from src\main\AndroidManifest.xml:129:13-55
	android:configChanges
		ADDED from src\main\AndroidManifest.xml:126:13-63
	android:theme
		ADDED from src\main\AndroidManifest.xml:128:13-50
	android:name
		ADDED from src\main\AndroidManifest.xml:125:13-54
activity#com.yuanding.schoolpass.A_3_2_Register_Main_1_Acy
ADDED from src\main\AndroidManifest.xml:132:9-137:64
	android:screenOrientation
		ADDED from src\main\AndroidManifest.xml:135:13-49
	android:windowSoftInputMode
		ADDED from src\main\AndroidManifest.xml:137:13-52
	android:configChanges
		ADDED from src\main\AndroidManifest.xml:134:13-63
	android:theme
		ADDED from src\main\AndroidManifest.xml:136:13-50
	android:name
		ADDED from src\main\AndroidManifest.xml:133:13-54
activity#com.yuanding.schoolpass.A_3_2_Register_Main_2_Acy
ADDED from src\main\AndroidManifest.xml:140:9-145:67
	android:screenOrientation
		ADDED from src\main\AndroidManifest.xml:143:13-49
	android:windowSoftInputMode
		ADDED from src\main\AndroidManifest.xml:145:13-55
	android:configChanges
		ADDED from src\main\AndroidManifest.xml:142:13-63
	android:theme
		ADDED from src\main\AndroidManifest.xml:144:13-50
	android:name
		ADDED from src\main\AndroidManifest.xml:141:13-54
activity#com.yuanding.schoolpass.B_Account_Certivication_Temp_Acy
ADDED from src\main\AndroidManifest.xml:148:9-152:90
	android:screenOrientation
		ADDED from src\main\AndroidManifest.xml:151:13-49
	android:configChanges
		ADDED from src\main\AndroidManifest.xml:150:13-63
	android:theme
		ADDED from src\main\AndroidManifest.xml:152:13-78
	android:name
		ADDED from src\main\AndroidManifest.xml:149:13-61
activity#com.yuanding.schoolpass.B_Account_Befriend_Center_Main_0
ADDED from src\main\AndroidManifest.xml:155:9-159:90
	android:screenOrientation
		ADDED from src\main\AndroidManifest.xml:158:13-49
	android:configChanges
		ADDED from src\main\AndroidManifest.xml:157:13-63
	android:theme
		ADDED from src\main\AndroidManifest.xml:159:13-78
	android:name
		ADDED from src\main\AndroidManifest.xml:156:13-61
activity#com.yuanding.schoolpass.B_Account_Befriend_Center_Main_1_Task
ADDED from src\main\AndroidManifest.xml:162:9-166:90
	android:screenOrientation
		ADDED from src\main\AndroidManifest.xml:165:13-49
	android:configChanges
		ADDED from src\main\AndroidManifest.xml:164:13-63
	android:theme
		ADDED from src\main\AndroidManifest.xml:166:13-78
	android:name
		ADDED from src\main\AndroidManifest.xml:163:13-66
activity#com.yuanding.schoolpass.B_Account_Befriend_Center_Main_1_CommonProblem
ADDED from src\main\AndroidManifest.xml:169:9-173:90
	android:screenOrientation
		ADDED from src\main\AndroidManifest.xml:172:13-49
	android:configChanges
		ADDED from src\main\AndroidManifest.xml:171:13-63
	android:theme
		ADDED from src\main\AndroidManifest.xml:173:13-78
	android:name
		ADDED from src\main\AndroidManifest.xml:170:13-75
activity#com.yuanding.schoolpass.A_3_3_Complete_marer_Acy
ADDED from src\main\AndroidManifest.xml:176:9-180:90
	android:screenOrientation
		ADDED from src\main\AndroidManifest.xml:179:13-49
	android:configChanges
		ADDED from src\main\AndroidManifest.xml:178:13-63
	android:theme
		ADDED from src\main\AndroidManifest.xml:180:13-78
	android:name
		ADDED from src\main\AndroidManifest.xml:177:13-53
activity#com.yuanding.schoolpass.A_3_3_Complete_Marer_Modify_Acy
ADDED from src\main\AndroidManifest.xml:183:9-187:62
	android:screenOrientation
		ADDED from src\main\AndroidManifest.xml:186:13-49
	android:configChanges
		ADDED from src\main\AndroidManifest.xml:185:13-63
	android:theme
		ADDED from src\main\AndroidManifest.xml:187:13-50
	android:name
		ADDED from src\main\AndroidManifest.xml:184:13-60
activity#com.yuanding.schoolpass.A_3_3_Complete_Marer_Nodify_Acy
ADDED from src\main\AndroidManifest.xml:190:9-194:62
	android:screenOrientation
		ADDED from src\main\AndroidManifest.xml:193:13-49
	android:configChanges
		ADDED from src\main\AndroidManifest.xml:192:13-63
	android:theme
		ADDED from src\main\AndroidManifest.xml:194:13-50
	android:name
		ADDED from src\main\AndroidManifest.xml:191:13-60
activity#com.yuanding.schoolpass.A_3_3_Complete_Selcet_Class
ADDED from src\main\AndroidManifest.xml:197:9-201:62
	android:screenOrientation
		ADDED from src\main\AndroidManifest.xml:200:13-49
	android:configChanges
		ADDED from src\main\AndroidManifest.xml:199:13-63
	android:theme
		ADDED from src\main\AndroidManifest.xml:201:13-50
	android:name
		ADDED from src\main\AndroidManifest.xml:198:13-56
activity#com.yuanding.schoolpass.A_3_3_Complete_Selcet_School
ADDED from src\main\AndroidManifest.xml:204:9-208:62
	android:screenOrientation
		ADDED from src\main\AndroidManifest.xml:207:13-49
	android:configChanges
		ADDED from src\main\AndroidManifest.xml:206:13-57
	android:theme
		ADDED from src\main\AndroidManifest.xml:208:13-50
	android:name
		ADDED from src\main\AndroidManifest.xml:205:13-57
activity#com.yuanding.schoolpass.A_3_4_Forget_pwd_Succ_Acy
ADDED from src\main\AndroidManifest.xml:211:9-215:62
	android:screenOrientation
		ADDED from src\main\AndroidManifest.xml:214:13-49
	android:configChanges
		ADDED from src\main\AndroidManifest.xml:213:13-63
	android:theme
		ADDED from src\main\AndroidManifest.xml:215:13-50
	android:name
		ADDED from src\main\AndroidManifest.xml:212:13-54
activity#com.yuanding.schoolpass.A_3_5_Change_No_Acy
ADDED from src\main\AndroidManifest.xml:218:9-222:90
	android:screenOrientation
		ADDED from src\main\AndroidManifest.xml:221:13-49
	android:configChanges
		ADDED from src\main\AndroidManifest.xml:220:13-63
	android:theme
		ADDED from src\main\AndroidManifest.xml:222:13-78
	android:name
		ADDED from src\main\AndroidManifest.xml:219:13-48
activity#com.yuanding.schoolpass.A_3_6_Change_No_Success_Acy
ADDED from src\main\AndroidManifest.xml:225:9-229:62
	android:screenOrientation
		ADDED from src\main\AndroidManifest.xml:228:13-49
	android:configChanges
		ADDED from src\main\AndroidManifest.xml:227:13-63
	android:theme
		ADDED from src\main\AndroidManifest.xml:229:13-50
	android:name
		ADDED from src\main\AndroidManifest.xml:226:13-56
activity#com.yuanding.schoolpass.B_Account_Modify_Pwd_Acy
ADDED from src\main\AndroidManifest.xml:232:9-236:90
	android:screenOrientation
		ADDED from src\main\AndroidManifest.xml:235:13-49
	android:configChanges
		ADDED from src\main\AndroidManifest.xml:234:13-63
	android:theme
		ADDED from src\main\AndroidManifest.xml:236:13-78
	android:name
		ADDED from src\main\AndroidManifest.xml:233:13-53
activity#com.yuanding.schoolpass.A_Main_My_Contact_Acy
ADDED from src\main\AndroidManifest.xml:239:9-244:76
	android:screenOrientation
		ADDED from src\main\AndroidManifest.xml:242:13-49
	android:windowSoftInputMode
		ADDED from src\main\AndroidManifest.xml:244:13-64
	android:configChanges
		ADDED from src\main\AndroidManifest.xml:241:13-63
	android:theme
		ADDED from src\main\AndroidManifest.xml:243:13-50
	android:name
		ADDED from src\main\AndroidManifest.xml:240:13-50
activity#com.yuanding.schoolpass.B_Account_Invite_Main
ADDED from src\main\AndroidManifest.xml:248:9-252:90
	android:screenOrientation
		ADDED from src\main\AndroidManifest.xml:251:13-49
	android:configChanges
		ADDED from src\main\AndroidManifest.xml:250:13-63
	android:theme
		ADDED from src\main\AndroidManifest.xml:252:13-78
	android:name
		ADDED from src\main\AndroidManifest.xml:249:13-73
activity#com.yuanding.schoolpass.B_Account_Invite_InviteRecord
ADDED from src\main\AndroidManifest.xml:255:9-259:90
	android:screenOrientation
		ADDED from src\main\AndroidManifest.xml:258:13-49
	android:configChanges
		ADDED from src\main\AndroidManifest.xml:257:13-63
	android:theme
		ADDED from src\main\AndroidManifest.xml:259:13-78
	android:name
		ADDED from src\main\AndroidManifest.xml:256:13-81
activity#com.yuanding.schoolpass.B_Account_SystemNotice_Main
ADDED from src\main\AndroidManifest.xml:262:9-267:79
	android:screenOrientation
		ADDED from src\main\AndroidManifest.xml:265:13-49
	android:windowSoftInputMode
		ADDED from src\main\AndroidManifest.xml:267:13-67
	android:configChanges
		ADDED from src\main\AndroidManifest.xml:264:13-63
	android:theme
		ADDED from src\main\AndroidManifest.xml:266:13-50
	android:name
		ADDED from src\main\AndroidManifest.xml:263:13-79
activity#com.yuanding.schoolpass.B_Account_My_Set_Acy
ADDED from src\main\AndroidManifest.xml:271:9-275:90
	android:screenOrientation
		ADDED from src\main\AndroidManifest.xml:274:13-49
	android:configChanges
		ADDED from src\main\AndroidManifest.xml:273:13-63
	android:theme
		ADDED from src\main\AndroidManifest.xml:275:13-78
	android:name
		ADDED from src\main\AndroidManifest.xml:272:13-49
activity#com.yuanding.schoolpass.B_Account_Push_Set_Acy
ADDED from src\main\AndroidManifest.xml:278:9-282:81
	android:screenOrientation
		ADDED from src\main\AndroidManifest.xml:281:13-49
	android:configChanges
		ADDED from src\main\AndroidManifest.xml:280:13-63
	android:theme
		ADDED from src\main\AndroidManifest.xml:282:13-78
	android:name
		ADDED from src\main\AndroidManifest.xml:279:13-51
activity#com.yuanding.schoolpass.B_Account_Push_Trouble_Set_Acy
ADDED from src\main\AndroidManifest.xml:285:9-289:53
	android:screenOrientation
		ADDED from src\main\AndroidManifest.xml:288:13-49
	android:configChanges
		ADDED from src\main\AndroidManifest.xml:287:13-63
	android:theme
		ADDED from src\main\AndroidManifest.xml:289:13-50
	android:name
		ADDED from src\main\AndroidManifest.xml:286:13-59
activity#com.yuanding.schoolpass.B_Account_MySet_About_Acy
ADDED from src\main\AndroidManifest.xml:292:9-296:62
	android:screenOrientation
		ADDED from src\main\AndroidManifest.xml:295:13-49
	android:configChanges
		ADDED from src\main\AndroidManifest.xml:294:13-63
	android:theme
		ADDED from src\main\AndroidManifest.xml:296:13-50
	android:name
		ADDED from src\main\AndroidManifest.xml:293:13-77
activity#com.yuanding.schoolpass.B_Account_MySet_About_Call_Acy
ADDED from src\main\AndroidManifest.xml:299:9-303:62
	android:screenOrientation
		ADDED from src\main\AndroidManifest.xml:302:13-49
	android:configChanges
		ADDED from src\main\AndroidManifest.xml:301:13-63
	android:theme
		ADDED from src\main\AndroidManifest.xml:303:13-50
	android:name
		ADDED from src\main\AndroidManifest.xml:300:13-82
activity#com.yuanding.schoolpass.B_Account_FeedBack_Acy
ADDED from src\main\AndroidManifest.xml:306:9-310:81
	android:screenOrientation
		ADDED from src\main\AndroidManifest.xml:309:13-49
	android:configChanges
		ADDED from src\main\AndroidManifest.xml:308:13-63
	android:theme
		ADDED from src\main\AndroidManifest.xml:310:13-78
	android:name
		ADDED from src\main\AndroidManifest.xml:307:13-51
activity#com.yuanding.schoolpass.B_Account_BlackList_Acy
ADDED from src\main\AndroidManifest.xml:313:9-317:81
	android:screenOrientation
		ADDED from src\main\AndroidManifest.xml:316:13-49
	android:configChanges
		ADDED from src\main\AndroidManifest.xml:315:13-63
	android:theme
		ADDED from src\main\AndroidManifest.xml:317:13-78
	android:name
		ADDED from src\main\AndroidManifest.xml:314:13-52
activity#com.yuanding.schoolpass.Pub_WebView_Load_Acy
ADDED from src\main\AndroidManifest.xml:320:9-324:73
	android:screenOrientation
		ADDED from src\main\AndroidManifest.xml:323:13-49
	android:configChanges
		ADDED from src\main\AndroidManifest.xml:322:13-63
	android:theme
		ADDED from src\main\AndroidManifest.xml:324:13-61
	android:name
		ADDED from src\main\AndroidManifest.xml:321:13-72
activity#com.yuanding.schoolpass.Pub_WebView_Load_Coupon
ADDED from src\main\AndroidManifest.xml:326:9-330:73
	android:screenOrientation
		ADDED from src\main\AndroidManifest.xml:329:13-49
	android:configChanges
		ADDED from src\main\AndroidManifest.xml:328:13-63
	android:theme
		ADDED from src\main\AndroidManifest.xml:330:13-61
	android:name
		ADDED from src\main\AndroidManifest.xml:327:13-75
activity#com.yuanding.schoolpass.Pub_WebView_Load_Befriend
ADDED from src\main\AndroidManifest.xml:332:9-336:73
	android:screenOrientation
		ADDED from src\main\AndroidManifest.xml:335:13-49
	android:configChanges
		ADDED from src\main\AndroidManifest.xml:334:13-63
	android:theme
		ADDED from src\main\AndroidManifest.xml:336:13-61
	android:name
		ADDED from src\main\AndroidManifest.xml:333:13-77
activity#com.yuanding.schoolpass.Pub_WebView_Banner_Acy
ADDED from src\main\AndroidManifest.xml:338:9-342:62
	android:screenOrientation
		ADDED from src\main\AndroidManifest.xml:341:13-49
	android:configChanges
		ADDED from src\main\AndroidManifest.xml:340:13-63
	android:theme
		ADDED from src\main\AndroidManifest.xml:342:13-50
	android:name
		ADDED from src\main\AndroidManifest.xml:339:13-74
activity#com.yuanding.schoolpass.Pub_WebView_Load_Other_Acy
ADDED from src\main\AndroidManifest.xml:345:9-349:62
	android:screenOrientation
		ADDED from src\main\AndroidManifest.xml:348:13-49
	android:configChanges
		ADDED from src\main\AndroidManifest.xml:347:13-63
	android:theme
		ADDED from src\main\AndroidManifest.xml:349:13-50
	android:name
		ADDED from src\main\AndroidManifest.xml:346:13-78
activity#com.yuanding.schoolpass.B_Side_Acy_list_Scy
ADDED from src\main\AndroidManifest.xml:352:9-357:79
	android:screenOrientation
		ADDED from src\main\AndroidManifest.xml:355:13-49
	android:windowSoftInputMode
		ADDED from src\main\AndroidManifest.xml:357:13-67
	android:configChanges
		ADDED from src\main\AndroidManifest.xml:354:13-63
	android:theme
		ADDED from src\main\AndroidManifest.xml:356:13-50
	android:name
		ADDED from src\main\AndroidManifest.xml:353:13-48
activity#com.yuanding.schoolpass.B_Side_Course_Acy
ADDED from src\main\AndroidManifest.xml:360:9-364:62
	android:screenOrientation
		ADDED from src\main\AndroidManifest.xml:363:13-49
	android:configChanges
		ADDED from src\main\AndroidManifest.xml:362:13-63
	android:theme
		ADDED from src\main\AndroidManifest.xml:364:13-50
	android:name
		ADDED from src\main\AndroidManifest.xml:361:13-46
activity#com.yuanding.schoolpass.B_Side_Course_Add
ADDED from src\main\AndroidManifest.xml:367:9-371:62
	android:screenOrientation
		ADDED from src\main\AndroidManifest.xml:370:13-49
	android:configChanges
		ADDED from src\main\AndroidManifest.xml:369:13-63
	android:theme
		ADDED from src\main\AndroidManifest.xml:371:13-50
	android:name
		ADDED from src\main\AndroidManifest.xml:368:13-46
activity#com.yuanding.schoolpass.B_Side_Course_Search
ADDED from src\main\AndroidManifest.xml:374:9-378:62
	android:screenOrientation
		ADDED from src\main\AndroidManifest.xml:377:13-49
	android:configChanges
		ADDED from src\main\AndroidManifest.xml:376:13-63
	android:theme
		ADDED from src\main\AndroidManifest.xml:378:13-50
	android:name
		ADDED from src\main\AndroidManifest.xml:375:13-49
activity#com.yuanding.schoolpass.B_Side_Course_Search_Teacher
ADDED from src\main\AndroidManifest.xml:381:9-385:62
	android:screenOrientation
		ADDED from src\main\AndroidManifest.xml:384:13-49
	android:configChanges
		ADDED from src\main\AndroidManifest.xml:383:13-63
	android:theme
		ADDED from src\main\AndroidManifest.xml:385:13-50
	android:name
		ADDED from src\main\AndroidManifest.xml:382:13-57
activity#com.yuanding.schoolpass.B_Side_Course_Detail
ADDED from src\main\AndroidManifest.xml:388:9-392:62
	android:screenOrientation
		ADDED from src\main\AndroidManifest.xml:391:13-49
	android:configChanges
		ADDED from src\main\AndroidManifest.xml:390:13-63
	android:theme
		ADDED from src\main\AndroidManifest.xml:392:13-50
	android:name
		ADDED from src\main\AndroidManifest.xml:389:13-49
activity#com.yuanding.schoolpass.B_Side_Course_Select_Image_temp
ADDED from src\main\AndroidManifest.xml:395:9-399:90
	android:screenOrientation
		ADDED from src\main\AndroidManifest.xml:398:13-49
	android:configChanges
		ADDED from src\main\AndroidManifest.xml:397:13-63
	android:theme
		ADDED from src\main\AndroidManifest.xml:399:13-78
	android:name
		ADDED from src\main\AndroidManifest.xml:396:13-60
activity#com.yuanding.schoolpass.B_Side_Info_0_Main_Acy
ADDED from src\main\AndroidManifest.xml:403:9-408:79
	android:screenOrientation
		ADDED from src\main\AndroidManifest.xml:406:13-49
	android:windowSoftInputMode
		ADDED from src\main\AndroidManifest.xml:408:13-67
	android:configChanges
		ADDED from src\main\AndroidManifest.xml:405:13-63
	android:theme
		ADDED from src\main\AndroidManifest.xml:407:13-50
	android:name
		ADDED from src\main\AndroidManifest.xml:404:13-74
activity#com.yuanding.schoolpass.B_Side_Info_1_Detail_Acy
ADDED from src\main\AndroidManifest.xml:411:9-416:79
	android:screenOrientation
		ADDED from src\main\AndroidManifest.xml:414:13-49
	android:windowSoftInputMode
		ADDED from src\main\AndroidManifest.xml:416:13-67
	android:configChanges
		ADDED from src\main\AndroidManifest.xml:413:13-63
	android:theme
		ADDED from src\main\AndroidManifest.xml:415:13-61
	android:name
		ADDED from src\main\AndroidManifest.xml:412:13-76
activity#com.yuanding.schoolpass.B_Pub_Side_NoDo_Action
ADDED from src\main\AndroidManifest.xml:418:9-422:62
	android:screenOrientation
		ADDED from src\main\AndroidManifest.xml:421:13-49
	android:configChanges
		ADDED from src\main\AndroidManifest.xml:420:13-63
	android:theme
		ADDED from src\main\AndroidManifest.xml:422:13-50
	android:name
		ADDED from src\main\AndroidManifest.xml:419:13-51
activity#com.yuanding.schoolpass.B_Side_Lectures_Acy
ADDED from src\main\AndroidManifest.xml:425:9-429:62
	android:screenOrientation
		ADDED from src\main\AndroidManifest.xml:428:13-49
	android:configChanges
		ADDED from src\main\AndroidManifest.xml:427:13-63
	android:theme
		ADDED from src\main\AndroidManifest.xml:429:13-50
	android:name
		ADDED from src\main\AndroidManifest.xml:426:13-48
activity#com.yuanding.schoolpass.B_Side_Lectures_Detail_Acy
ADDED from src\main\AndroidManifest.xml:432:9-436:73
	android:screenOrientation
		ADDED from src\main\AndroidManifest.xml:435:13-49
	android:configChanges
		ADDED from src\main\AndroidManifest.xml:434:13-63
	android:theme
		ADDED from src\main\AndroidManifest.xml:436:13-61
	android:name
		ADDED from src\main\AndroidManifest.xml:433:13-55
activity#com.yuanding.schoolpass.B_Side_Lost_Found_Main
ADDED from src\main\AndroidManifest.xml:439:9-443:62
	android:screenOrientation
		ADDED from src\main\AndroidManifest.xml:442:13-49
	android:configChanges
		ADDED from src\main\AndroidManifest.xml:441:13-63
	android:theme
		ADDED from src\main\AndroidManifest.xml:443:13-50
	android:name
		ADDED from src\main\AndroidManifest.xml:440:13-51
activity#com.yuanding.schoolpass.B_Side_Found_Detail
ADDED from src\main\AndroidManifest.xml:446:9-450:62
	android:screenOrientation
		ADDED from src\main\AndroidManifest.xml:449:13-49
	android:configChanges
		ADDED from src\main\AndroidManifest.xml:448:13-63
	android:theme
		ADDED from src\main\AndroidManifest.xml:450:13-50
	android:name
		ADDED from src\main\AndroidManifest.xml:447:13-48
activity#com.yuanding.schoolpass.B_Side_Found_Detail_Forward